1589669849872	mozrunner::runner	INFO	Running command: "/Applications/Firefox.app/Contents/MacOS/firefox-bin" "-marionette" "-foreground" "-no-remote" "-profile" "/var/folders/35/hyy7zy6x4rv3qz1zxbnf2sqh0000gn/T/rust_mozprofilezih9bf"
1589669852658	addons.webextension.doh-rollout@mozilla.org	WARN	Loading extension 'doh-rollout@mozilla.org': Reading manifest: Invalid extension permission: networkStatus
1589669852913	addons.webextension.screenshots@mozilla.org	WARN	Loading extension 'screenshots@mozilla.org': Reading manifest: Invalid extension permission: mozillaAddons
1589669852913	addons.webextension.screenshots@mozilla.org	WARN	Loading extension 'screenshots@mozilla.org': Reading manifest: Invalid extension permission: telemetry
1589669852913	addons.webextension.screenshots@mozilla.org	WARN	Loading extension 'screenshots@mozilla.org': Reading manifest: Invalid extension permission: resource://pdf.js/
1589669852913	addons.webextension.screenshots@mozilla.org	WARN	Loading extension 'screenshots@mozilla.org': Reading manifest: Invalid extension permission: about:reader*
1589669854620	Marionette	INFO	Listening on port 51891
1589669862130	mozrunner::runner	INFO	Running command: "/Applications/Firefox.app/Contents/MacOS/firefox-bin" "-marionette" "-foreground" "-no-remote" "-profile" "/var/folders/35/hyy7zy6x4rv3qz1zxbnf2sqh0000gn/T/rust_mozprofileYATRXp"
1589669862454	addons.webextension.doh-rollout@mozilla.org	WARN	Loading extension 'doh-rollout@mozilla.org': Reading manifest: Invalid extension permission: networkStatus
1589669862664	addons.webextension.screenshots@mozilla.org	WARN	Loading extension 'screenshots@mozilla.org': Reading manifest: Invalid extension permission: mozillaAddons
1589669862665	addons.webextension.screenshots@mozilla.org	WARN	Loading extension 'screenshots@mozilla.org': Reading manifest: Invalid extension permission: telemetry
1589669862665	addons.webextension.screenshots@mozilla.org	WARN	Loading extension 'screenshots@mozilla.org': Reading manifest: Invalid extension permission: resource://pdf.js/
1589669862665	addons.webextension.screenshots@mozilla.org	WARN	Loading extension 'screenshots@mozilla.org': Reading manifest: Invalid extension permission: about:reader*
1589669864056	Marionette	INFO	Listening on port 51983
1589669864073	Marionette	WARN	TLS certificate errors will be ignored for this session
[GFX1-]: Receive IPC close with reason=AbnormalShutdown
Exiting due to channel error.
[GFX1-]: Receive IPC close with reason=AbnormalShutdown
Exiting due to channel error.
[GFX1-]: Receive IPC close with reason=AbnormalShutdown
Exiting due to channel error.
1589669955493	mozrunner::runner	INFO	Running command: "/Applications/Firefox.app/Contents/MacOS/firefox-bin" "-marionette" "-foreground" "-no-remote" "-profile" "/var/folders/35/hyy7zy6x4rv3qz1zxbnf2sqh0000gn/T/rust_mozprofilegk35vE"
1589669955816	addons.webextension.doh-rollout@mozilla.org	WARN	Loading extension 'doh-rollout@mozilla.org': Reading manifest: Invalid extension permission: networkStatus
1589669956037	addons.webextension.screenshots@mozilla.org	WARN	Loading extension 'screenshots@mozilla.org': Reading manifest: Invalid extension permission: mozillaAddons
1589669956037	addons.webextension.screenshots@mozilla.org	WARN	Loading extension 'screenshots@mozilla.org': Reading manifest: Invalid extension permission: telemetry
1589669956037	addons.webextension.screenshots@mozilla.org	WARN	Loading extension 'screenshots@mozilla.org': Reading manifest: Invalid extension permission: resource://pdf.js/
1589669956037	addons.webextension.screenshots@mozilla.org	WARN	Loading extension 'screenshots@mozilla.org': Reading manifest: Invalid extension permission: about:reader*
1589669957495	Marionette	INFO	Listening on port 52158
1589669957539	Marionette	WARN	TLS certificate errors will be ignored for this session
Exiting due to channel error.
[GFX1-]: Receive IPC close with reason=AbnormalShutdown
Exiting due to channel error.
[GFX1-]: Receive IPC close with reason=AbnormalShutdown
Exiting due to channel error.
1589670286385	mozrunner::runner	INFO	Running command: "/Applications/Firefox.app/Contents/MacOS/firefox-bin" "-marionette" "-foreground" "-no-remote" "-profile" "/var/folders/35/hyy7zy6x4rv3qz1zxbnf2sqh0000gn/T/rust_mozprofilevHd5Xi"
1589670286757	addons.webextension.doh-rollout@mozilla.org	WARN	Loading extension 'doh-rollout@mozilla.org': Reading manifest: Invalid extension permission: networkStatus
1589670287011	addons.webextension.screenshots@mozilla.org	WARN	Loading extension 'screenshots@mozilla.org': Reading manifest: Invalid extension permission: mozillaAddons
1589670287011	addons.webextension.screenshots@mozilla.org	WARN	Loading extension 'screenshots@mozilla.org': Reading manifest: Invalid extension permission: telemetry
1589670287012	addons.webextension.screenshots@mozilla.org	WARN	Loading extension 'screenshots@mozilla.org': Reading manifest: Invalid extension permission: resource://pdf.js/
1589670287012	addons.webextension.screenshots@mozilla.org	WARN	Loading extension 'screenshots@mozilla.org': Reading manifest: Invalid extension permission: about:reader*
1589670288376	Marionette	INFO	Listening on port 52536
1589670288447	Marionette	WARN	TLS certificate errors will be ignored for this session
JavaScript warning: https://www-league.nhlstatic.com/nhl.com/builds/site-core/d7b71b1f9618bc99b318310b894f5e60a533547c_1588189185/scripts/site-core.js.gz, line 20: Using //@ to indicate sourceMappingURL pragmas is deprecated. Use //# instead
JavaScript error: resource://gre/actors/WebNavigationChild.jsm, line 52: NS_ERROR_FAILURE: Component returned failure code: 0x80004005 (NS_ERROR_FAILURE) [nsIWebNavigation.goBack]
JavaScript error: resource://gre/actors/WebNavigationChild.jsm, line 52: NS_ERROR_FAILURE: Component returned failure code: 0x80004005 (NS_ERROR_FAILURE) [nsIWebNavigation.goBack]
JavaScript warning: https://www-league.nhlstatic.com/nhl.com/builds/site-core/d7b71b1f9618bc99b318310b894f5e60a533547c_1588189185/scripts/site-core.js.gz, line 23: Script terminated by timeout at:
fix@https://www-league.nhlstatic.com/nhl.com/builds/site-core/d7b71b1f9618bc99b318310b894f5e60a533547c_1588189185/scripts/site-core.js.gz:23:6567
d@https://www-league.nhlstatic.com/nhl.com/builds/site-core/d7b71b1f9618bc99b318310b894f5e60a533547c_1588189185/scripts/site-core.js.gz:23:11331
nrWrapper@https://www.nhl.com/player/jack-hughes-8481559:151:12793

JavaScript error: resource://gre/actors/PictureInPictureChild.jsm, line 114: InvalidStateError: An attempt was made to use an object that is not, or is no longer, usable
JavaScript error: resource://gre/actors/PictureInPictureChild.jsm, line 114: InvalidStateError: An attempt was made to use an object that is not, or is no longer, usable
JavaScript error: resource://gre/actors/AutoCompleteChild.jsm, line 196: Error: Invalid autocomplete selectedIndex
JavaScript error: resource://gre/actors/AutoCompleteChild.jsm, line 196: Error: Invalid autocomplete selectedIndex
JavaScript error: resource://gre/modules/LoginManagerChild.jsm, line 174: NS_ERROR_XPC_JAVASCRIPT_ERROR_WITH_DETAILS: [JavaScript Error: "Invalid autocomplete selectedIndex" {file: "resource://gre/actors/AutoCompleteChild.jsm" line: 196}]'[JavaScript Error: "Invalid autocomplete selectedIndex" {file: "resource://gre/actors/AutoCompleteChild.jsm" line: 196}]' when calling method: [nsIAutoCompletePopup::selectedIndex]
JavaScript warning: https://cdnjs.cloudflare.com/ajax/libs/jquery/2.0.3/jquery.min.js, line 2: Using //@ to indicate sourceMappingURL pragmas is deprecated. Use //# instead
JavaScript warning: https://cdnjs.cloudflare.com/ajax/libs/jquery/2.0.3/jquery.min.js, line 2: Using //@ to indicate sourceMappingURL pragmas is deprecated. Use //# instead

###!!! [Child][RunMessage] Error: Channel closing: too late to send/recv, messages will be lost


###!!! [Child][RunMessage] Error: Channel closing: too late to send/recv, messages will be lost


###!!! [Child][RunMessage] Error: Channel closing: too late to send/recv, messages will be lost


###!!! [Child][RunMessage] Error: Channel closing: too late to send/recv, messages will be lost


###!!! [Child][RunMessage] Error: Channel closing: too late to send/recv, messages will be lost

JavaScript error: resource://gre/modules/XULStore.jsm, line 66: Error: Can't find profile directory.
JavaScript error: resource://gre/modules/XULStore.jsm, line 66: Error: Can't find profile directory.
1589678093282	Marionette	INFO	Stopped listening on port 51891
1589678101912	Marionette	INFO	Stopped listening on port 52536
1589678159366	mozrunner::runner	INFO	Running command: "/Applications/Firefox.app/Contents/MacOS/firefox-bin" "-marionette" "-foreground" "-no-remote" "-profile" "/var/folders/35/hyy7zy6x4rv3qz1zxbnf2sqh0000gn/T/rust_mozprofileJLxSUB"
1589678159672	addons.webextension.doh-rollout@mozilla.org	WARN	Loading extension 'doh-rollout@mozilla.org': Reading manifest: Invalid extension permission: networkStatus
1589678159883	addons.webextension.screenshots@mozilla.org	WARN	Loading extension 'screenshots@mozilla.org': Reading manifest: Invalid extension permission: mozillaAddons
1589678159883	addons.webextension.screenshots@mozilla.org	WARN	Loading extension 'screenshots@mozilla.org': Reading manifest: Invalid extension permission: telemetry
1589678159883	addons.webextension.screenshots@mozilla.org	WARN	Loading extension 'screenshots@mozilla.org': Reading manifest: Invalid extension permission: resource://pdf.js/
1589678159883	addons.webextension.screenshots@mozilla.org	WARN	Loading extension 'screenshots@mozilla.org': Reading manifest: Invalid extension permission: about:reader*
1589678161251	Marionette	INFO	Listening on port 56449
1589678161323	Marionette	WARN	TLS certificate errors will be ignored for this session
[GFX1-]: Receive IPC close with reason=AbnormalShutdown
Exiting due to channel error.
[GFX1-]: Receive IPC close with reason=AbnormalShutdown
Exiting due to channel error.
[GFX1-]: Receive IPC close with reason=AbnormalShutdown
Exiting due to channel error.
1589678223102	mozrunner::runner	INFO	Running command: "/Applications/Firefox.app/Contents/MacOS/firefox-bin" "-marionette" "-foreground" "-no-remote" "-profile" "/var/folders/35/hyy7zy6x4rv3qz1zxbnf2sqh0000gn/T/rust_mozprofileQlhcQN"
1589678223410	addons.webextension.doh-rollout@mozilla.org	WARN	Loading extension 'doh-rollout@mozilla.org': Reading manifest: Invalid extension permission: networkStatus
1589678223619	addons.webextension.screenshots@mozilla.org	WARN	Loading extension 'screenshots@mozilla.org': Reading manifest: Invalid extension permission: mozillaAddons
1589678223619	addons.webextension.screenshots@mozilla.org	WARN	Loading extension 'screenshots@mozilla.org': Reading manifest: Invalid extension permission: telemetry
1589678223619	addons.webextension.screenshots@mozilla.org	WARN	Loading extension 'screenshots@mozilla.org': Reading manifest: Invalid extension permission: resource://pdf.js/
1589678223619	addons.webextension.screenshots@mozilla.org	WARN	Loading extension 'screenshots@mozilla.org': Reading manifest: Invalid extension permission: about:reader*
1589678224957	Marionette	INFO	Listening on port 56831
1589678225045	Marionette	WARN	TLS certificate errors will be ignored for this session
1589678249510	mozrunner::runner	INFO	Running command: "/Applications/Firefox.app/Contents/MacOS/firefox-bin" "-marionette" "-foreground" "-no-remote" "-profile" "/var/folders/35/hyy7zy6x4rv3qz1zxbnf2sqh0000gn/T/rust_mozprofileX4OOBb"
1589678249814	addons.webextension.doh-rollout@mozilla.org	WARN	Loading extension 'doh-rollout@mozilla.org': Reading manifest: Invalid extension permission: networkStatus
1589678250016	addons.webextension.screenshots@mozilla.org	WARN	Loading extension 'screenshots@mozilla.org': Reading manifest: Invalid extension permission: mozillaAddons
1589678250017	addons.webextension.screenshots@mozilla.org	WARN	Loading extension 'screenshots@mozilla.org': Reading manifest: Invalid extension permission: telemetry
1589678250017	addons.webextension.screenshots@mozilla.org	WARN	Loading extension 'screenshots@mozilla.org': Reading manifest: Invalid extension permission: resource://pdf.js/
1589678250017	addons.webextension.screenshots@mozilla.org	WARN	Loading extension 'screenshots@mozilla.org': Reading manifest: Invalid extension permission: about:reader*
1589678251516	Marionette	INFO	Listening on port 57017
1589678251557	Marionette	WARN	TLS certificate errors will be ignored for this session
1589678275619	mozrunner::runner	INFO	Running command: "/Applications/Firefox.app/Contents/MacOS/firefox-bin" "-marionette" "-foreground" "-no-remote" "-profile" "/var/folders/35/hyy7zy6x4rv3qz1zxbnf2sqh0000gn/T/rust_mozprofileRGO7xZ"
1589678276019	addons.webextension.doh-rollout@mozilla.org	WARN	Loading extension 'doh-rollout@mozilla.org': Reading manifest: Invalid extension permission: networkStatus
1589678276225	addons.webextension.screenshots@mozilla.org	WARN	Loading extension 'screenshots@mozilla.org': Reading manifest: Invalid extension permission: mozillaAddons
1589678276225	addons.webextension.screenshots@mozilla.org	WARN	Loading extension 'screenshots@mozilla.org': Reading manifest: Invalid extension permission: telemetry
1589678276225	addons.webextension.screenshots@mozilla.org	WARN	Loading extension 'screenshots@mozilla.org': Reading manifest: Invalid extension permission: resource://pdf.js/
1589678276225	addons.webextension.screenshots@mozilla.org	WARN	Loading extension 'screenshots@mozilla.org': Reading manifest: Invalid extension permission: about:reader*
1589678277619	Marionette	INFO	Listening on port 57227
1589678277678	Marionette	WARN	TLS certificate errors will be ignored for this session
1589678315890	mozrunner::runner	INFO	Running command: "/Applications/Firefox.app/Contents/MacOS/firefox-bin" "-marionette" "-foreground" "-no-remote" "-profile" "/var/folders/35/hyy7zy6x4rv3qz1zxbnf2sqh0000gn/T/rust_mozprofilejNkCSN"
1589678316253	addons.webextension.doh-rollout@mozilla.org	WARN	Loading extension 'doh-rollout@mozilla.org': Reading manifest: Invalid extension permission: networkStatus
1589678316456	addons.webextension.screenshots@mozilla.org	WARN	Loading extension 'screenshots@mozilla.org': Reading manifest: Invalid extension permission: mozillaAddons
1589678316456	addons.webextension.screenshots@mozilla.org	WARN	Loading extension 'screenshots@mozilla.org': Reading manifest: Invalid extension permission: telemetry
1589678316457	addons.webextension.screenshots@mozilla.org	WARN	Loading extension 'screenshots@mozilla.org': Reading manifest: Invalid extension permission: resource://pdf.js/
1589678316457	addons.webextension.screenshots@mozilla.org	WARN	Loading extension 'screenshots@mozilla.org': Reading manifest: Invalid extension permission: about:reader*
1589678317847	Marionette	INFO	Listening on port 57511
1589678317942	Marionette	WARN	TLS certificate errors will be ignored for this session
1589678338239	mozrunner::runner	INFO	Running command: "/Applications/Firefox.app/Contents/MacOS/firefox-bin" "-marionette" "-foreground" "-no-remote" "-profile" "/var/folders/35/hyy7zy6x4rv3qz1zxbnf2sqh0000gn/T/rust_mozprofileFyGXiB"
1589678338618	addons.webextension.doh-rollout@mozilla.org	WARN	Loading extension 'doh-rollout@mozilla.org': Reading manifest: Invalid extension permission: networkStatus
1589678338821	addons.webextension.screenshots@mozilla.org	WARN	Loading extension 'screenshots@mozilla.org': Reading manifest: Invalid extension permission: mozillaAddons
1589678338821	addons.webextension.screenshots@mozilla.org	WARN	Loading extension 'screenshots@mozilla.org': Reading manifest: Invalid extension permission: telemetry
1589678338821	addons.webextension.screenshots@mozilla.org	WARN	Loading extension 'screenshots@mozilla.org': Reading manifest: Invalid extension permission: resource://pdf.js/
1589678338821	addons.webextension.screenshots@mozilla.org	WARN	Loading extension 'screenshots@mozilla.org': Reading manifest: Invalid extension permission: about:reader*
1589678340339	Marionette	INFO	Listening on port 57724
1589678340390	Marionette	WARN	TLS certificate errors will be ignored for this session
Exiting due to channel error.
[GFX1-]: Receive IPC close with reason=AbnormalShutdown
[GFX1-]: Receive IPC close with reason=AbnormalShutdown
Exiting due to channel error.
Exiting due to channel error.
1589678577793	mozrunner::runner	INFO	Running command: "/Applications/Firefox.app/Contents/MacOS/firefox-bin" "-marionette" "-foreground" "-no-remote" "-profile" "/var/folders/35/hyy7zy6x4rv3qz1zxbnf2sqh0000gn/T/rust_mozprofilejrOJwj"
1589678578107	addons.webextension.doh-rollout@mozilla.org	WARN	Loading extension 'doh-rollout@mozilla.org': Reading manifest: Invalid extension permission: networkStatus
1589678578316	addons.webextension.screenshots@mozilla.org	WARN	Loading extension 'screenshots@mozilla.org': Reading manifest: Invalid extension permission: mozillaAddons
1589678578317	addons.webextension.screenshots@mozilla.org	WARN	Loading extension 'screenshots@mozilla.org': Reading manifest: Invalid extension permission: telemetry
1589678578317	addons.webextension.screenshots@mozilla.org	WARN	Loading extension 'screenshots@mozilla.org': Reading manifest: Invalid extension permission: resource://pdf.js/
1589678578317	addons.webextension.screenshots@mozilla.org	WARN	Loading extension 'screenshots@mozilla.org': Reading manifest: Invalid extension permission: about:reader*
1589678579796	Marionette	INFO	Listening on port 58830
1589678579847	Marionette	WARN	TLS certificate errors will be ignored for this session
1589678626100	mozrunner::runner	INFO	Running command: "/Applications/Firefox.app/Contents/MacOS/firefox-bin" "-marionette" "-foreground" "-no-remote" "-profile" "/var/folders/35/hyy7zy6x4rv3qz1zxbnf2sqh0000gn/T/rust_mozprofileMMTGJw"
1589678626412	addons.webextension.doh-rollout@mozilla.org	WARN	Loading extension 'doh-rollout@mozilla.org': Reading manifest: Invalid extension permission: networkStatus
1589678626622	addons.webextension.screenshots@mozilla.org	WARN	Loading extension 'screenshots@mozilla.org': Reading manifest: Invalid extension permission: mozillaAddons
1589678626622	addons.webextension.screenshots@mozilla.org	WARN	Loading extension 'screenshots@mozilla.org': Reading manifest: Invalid extension permission: telemetry
1589678626622	addons.webextension.screenshots@mozilla.org	WARN	Loading extension 'screenshots@mozilla.org': Reading manifest: Invalid extension permission: resource://pdf.js/
1589678626623	addons.webextension.screenshots@mozilla.org	WARN	Loading extension 'screenshots@mozilla.org': Reading manifest: Invalid extension permission: about:reader*
1589678627983	Marionette	INFO	Listening on port 59149
1589678628049	Marionette	WARN	TLS certificate errors will be ignored for this session
[GFX1]: [Tiling:Client] Failed to allocate a TextureClient
[GFX1]: [Tiling:Client] Failed to allocate a TextureClient
[GFX1]: [Tiling:Client] Failed to allocate a TextureClient
[GFX1]: [Tiling:Client] Failed to allocate a TextureClient
[GFX1]: [Tiling:Client] Failed to allocate a TextureClient
[GFX1-]: Receive IPC close with reason=AbnormalShutdown
Exiting due to channel error.
Exiting due to channel error.
[GFX1-]: Receive IPC close with reason=AbnormalShutdown
Exiting due to channel error.
1589678879257	mozrunner::runner	INFO	Running command: "/Applications/Firefox.app/Contents/MacOS/firefox-bin" "-marionette" "-foreground" "-no-remote" "-profile" "/var/folders/35/hyy7zy6x4rv3qz1zxbnf2sqh0000gn/T/rust_mozprofileBDI4ea"
1589678879629	addons.webextension.doh-rollout@mozilla.org	WARN	Loading extension 'doh-rollout@mozilla.org': Reading manifest: Invalid extension permission: networkStatus
1589678879838	addons.webextension.screenshots@mozilla.org	WARN	Loading extension 'screenshots@mozilla.org': Reading manifest: Invalid extension permission: mozillaAddons
1589678879839	addons.webextension.screenshots@mozilla.org	WARN	Loading extension 'screenshots@mozilla.org': Reading manifest: Invalid extension permission: telemetry
1589678879839	addons.webextension.screenshots@mozilla.org	WARN	Loading extension 'screenshots@mozilla.org': Reading manifest: Invalid extension permission: resource://pdf.js/
1589678879839	addons.webextension.screenshots@mozilla.org	WARN	Loading extension 'screenshots@mozilla.org': Reading manifest: Invalid extension permission: about:reader*
1589678881480	Marionette	INFO	Listening on port 60389
1589678881539	Marionette	WARN	TLS certificate errors will be ignored for this session
Exiting due to channel error.
Exiting due to channel error.
1589678917765	mozrunner::runner	INFO	Running command: "/Applications/Firefox.app/Contents/MacOS/firefox-bin" "-marionette" "-foreground" "-no-remote" "-profile" "/var/folders/35/hyy7zy6x4rv3qz1zxbnf2sqh0000gn/T/rust_mozprofile807XtA"
1589678918105	addons.webextension.doh-rollout@mozilla.org	WARN	Loading extension 'doh-rollout@mozilla.org': Reading manifest: Invalid extension permission: networkStatus
1589678918314	addons.webextension.screenshots@mozilla.org	WARN	Loading extension 'screenshots@mozilla.org': Reading manifest: Invalid extension permission: mozillaAddons
1589678918314	addons.webextension.screenshots@mozilla.org	WARN	Loading extension 'screenshots@mozilla.org': Reading manifest: Invalid extension permission: telemetry
1589678918314	addons.webextension.screenshots@mozilla.org	WARN	Loading extension 'screenshots@mozilla.org': Reading manifest: Invalid extension permission: resource://pdf.js/
1589678918314	addons.webextension.screenshots@mozilla.org	WARN	Loading extension 'screenshots@mozilla.org': Reading manifest: Invalid extension permission: about:reader*
1589678919683	Marionette	INFO	Listening on port 60678
1589678919733	Marionette	WARN	TLS certificate errors will be ignored for this session
1589678952525	mozrunner::runner	INFO	Running command: "/Applications/Firefox.app/Contents/MacOS/firefox-bin" "-marionette" "-foreground" "-no-remote" "-profile" "/var/folders/35/hyy7zy6x4rv3qz1zxbnf2sqh0000gn/T/rust_mozprofileooVvTB"
1589678952936	addons.webextension.doh-rollout@mozilla.org	WARN	Loading extension 'doh-rollout@mozilla.org': Reading manifest: Invalid extension permission: networkStatus
1589678953148	addons.webextension.screenshots@mozilla.org	WARN	Loading extension 'screenshots@mozilla.org': Reading manifest: Invalid extension permission: mozillaAddons
1589678953148	addons.webextension.screenshots@mozilla.org	WARN	Loading extension 'screenshots@mozilla.org': Reading manifest: Invalid extension permission: telemetry
1589678953148	addons.webextension.screenshots@mozilla.org	WARN	Loading extension 'screenshots@mozilla.org': Reading manifest: Invalid extension permission: resource://pdf.js/
1589678953148	addons.webextension.screenshots@mozilla.org	WARN	Loading extension 'screenshots@mozilla.org': Reading manifest: Invalid extension permission: about:reader*
1589678954569	Marionette	INFO	Listening on port 60942
1589678954601	Marionette	WARN	TLS certificate errors will be ignored for this session
1589678982644	mozrunner::runner	INFO	Running command: "/Applications/Firefox.app/Contents/MacOS/firefox-bin" "-marionette" "-foreground" "-no-remote" "-profile" "/var/folders/35/hyy7zy6x4rv3qz1zxbnf2sqh0000gn/T/rust_mozprofilegNIe4I"
1589678983024	addons.webextension.doh-rollout@mozilla.org	WARN	Loading extension 'doh-rollout@mozilla.org': Reading manifest: Invalid extension permission: networkStatus
1589678983239	addons.webextension.screenshots@mozilla.org	WARN	Loading extension 'screenshots@mozilla.org': Reading manifest: Invalid extension permission: mozillaAddons
1589678983239	addons.webextension.screenshots@mozilla.org	WARN	Loading extension 'screenshots@mozilla.org': Reading manifest: Invalid extension permission: telemetry
1589678983239	addons.webextension.screenshots@mozilla.org	WARN	Loading extension 'screenshots@mozilla.org': Reading manifest: Invalid extension permission: resource://pdf.js/
1589678983239	addons.webextension.screenshots@mozilla.org	WARN	Loading extension 'screenshots@mozilla.org': Reading manifest: Invalid extension permission: about:reader*
1589678984621	Marionette	INFO	Listening on port 61186
1589678984693	Marionette	WARN	TLS certificate errors will be ignored for this session
1589678999097	mozrunner::runner	INFO	Running command: "/Applications/Firefox.app/Contents/MacOS/firefox-bin" "-marionette" "-foreground" "-no-remote" "-profile" "/var/folders/35/hyy7zy6x4rv3qz1zxbnf2sqh0000gn/T/rust_mozprofile3daTFz"
1589678999508	addons.webextension.doh-rollout@mozilla.org	WARN	Loading extension 'doh-rollout@mozilla.org': Reading manifest: Invalid extension permission: networkStatus
1589678999751	addons.webextension.screenshots@mozilla.org	WARN	Loading extension 'screenshots@mozilla.org': Reading manifest: Invalid extension permission: mozillaAddons
1589678999751	addons.webextension.screenshots@mozilla.org	WARN	Loading extension 'screenshots@mozilla.org': Reading manifest: Invalid extension permission: telemetry
1589678999751	addons.webextension.screenshots@mozilla.org	WARN	Loading extension 'screenshots@mozilla.org': Reading manifest: Invalid extension permission: resource://pdf.js/
1589678999751	addons.webextension.screenshots@mozilla.org	WARN	Loading extension 'screenshots@mozilla.org': Reading manifest: Invalid extension permission: about:reader*
1589679001131	Marionette	INFO	Listening on port 61374
1589679001144	Marionette	WARN	TLS certificate errors will be ignored for this session
[GFX1-]: Receive IPC close with reason=AbnormalShutdown
Exiting due to channel error.
[GFX1-]: Receive IPC close with reason=AbnormalShutdown
[GFX1-]: Receive IPC close with reason=AbnormalShutdown
Exiting due to channel error.
Exiting due to channel error.
1589679028985	mozrunner::runner	INFO	Running command: "/Applications/Firefox.app/Contents/MacOS/firefox-bin" "-marionette" "-foreground" "-no-remote" "-profile" "/var/folders/35/hyy7zy6x4rv3qz1zxbnf2sqh0000gn/T/rust_mozprofileUkl9km"
1589679029304	addons.webextension.doh-rollout@mozilla.org	WARN	Loading extension 'doh-rollout@mozilla.org': Reading manifest: Invalid extension permission: networkStatus
1589679029511	addons.webextension.screenshots@mozilla.org	WARN	Loading extension 'screenshots@mozilla.org': Reading manifest: Invalid extension permission: mozillaAddons
1589679029512	addons.webextension.screenshots@mozilla.org	WARN	Loading extension 'screenshots@mozilla.org': Reading manifest: Invalid extension permission: telemetry
1589679029512	addons.webextension.screenshots@mozilla.org	WARN	Loading extension 'screenshots@mozilla.org': Reading manifest: Invalid extension permission: resource://pdf.js/
1589679029512	addons.webextension.screenshots@mozilla.org	WARN	Loading extension 'screenshots@mozilla.org': Reading manifest: Invalid extension permission: about:reader*
1589679030994	Marionette	INFO	Listening on port 61622
1589679031044	Marionette	WARN	TLS certificate errors will be ignored for this session
1589679059131	mozrunner::runner	INFO	Running command: "/Applications/Firefox.app/Contents/MacOS/firefox-bin" "-marionette" "-foreground" "-no-remote" "-profile" "/var/folders/35/hyy7zy6x4rv3qz1zxbnf2sqh0000gn/T/rust_mozprofileSQzlaY"
1589679059520	addons.webextension.doh-rollout@mozilla.org	WARN	Loading extension 'doh-rollout@mozilla.org': Reading manifest: Invalid extension permission: networkStatus
1589679059752	addons.webextension.screenshots@mozilla.org	WARN	Loading extension 'screenshots@mozilla.org': Reading manifest: Invalid extension permission: mozillaAddons
1589679059752	addons.webextension.screenshots@mozilla.org	WARN	Loading extension 'screenshots@mozilla.org': Reading manifest: Invalid extension permission: telemetry
1589679059753	addons.webextension.screenshots@mozilla.org	WARN	Loading extension 'screenshots@mozilla.org': Reading manifest: Invalid extension permission: resource://pdf.js/
1589679059753	addons.webextension.screenshots@mozilla.org	WARN	Loading extension 'screenshots@mozilla.org': Reading manifest: Invalid extension permission: about:reader*
1589679061239	Marionette	INFO	Listening on port 61860
1589679061289	Marionette	WARN	TLS certificate errors will be ignored for this session
1589679150812	mozrunner::runner	INFO	Running command: "/Applications/Firefox.app/Contents/MacOS/firefox-bin" "-marionette" "-foreground" "-no-remote" "-profile" "/var/folders/35/hyy7zy6x4rv3qz1zxbnf2sqh0000gn/T/rust_mozprofileqeFXki"
1589679151240	addons.webextension.doh-rollout@mozilla.org	WARN	Loading extension 'doh-rollout@mozilla.org': Reading manifest: Invalid extension permission: networkStatus
1589679151456	addons.webextension.screenshots@mozilla.org	WARN	Loading extension 'screenshots@mozilla.org': Reading manifest: Invalid extension permission: mozillaAddons
1589679151456	addons.webextension.screenshots@mozilla.org	WARN	Loading extension 'screenshots@mozilla.org': Reading manifest: Invalid extension permission: telemetry
1589679151456	addons.webextension.screenshots@mozilla.org	WARN	Loading extension 'screenshots@mozilla.org': Reading manifest: Invalid extension permission: resource://pdf.js/
1589679151457	addons.webextension.screenshots@mozilla.org	WARN	Loading extension 'screenshots@mozilla.org': Reading manifest: Invalid extension permission: about:reader*
1589679152979	Marionette	INFO	Listening on port 62373
1589679153069	Marionette	WARN	TLS certificate errors will be ignored for this session
1589679172037	mozrunner::runner	INFO	Running command: "/Applications/Firefox.app/Contents/MacOS/firefox-bin" "-marionette" "-foreground" "-no-remote" "-profile" "/var/folders/35/hyy7zy6x4rv3qz1zxbnf2sqh0000gn/T/rust_mozprofile1JAySW"
1589679172417	addons.webextension.doh-rollout@mozilla.org	WARN	Loading extension 'doh-rollout@mozilla.org': Reading manifest: Invalid extension permission: networkStatus
1589679172629	addons.webextension.screenshots@mozilla.org	WARN	Loading extension 'screenshots@mozilla.org': Reading manifest: Invalid extension permission: mozillaAddons
1589679172629	addons.webextension.screenshots@mozilla.org	WARN	Loading extension 'screenshots@mozilla.org': Reading manifest: Invalid extension permission: telemetry
1589679172629	addons.webextension.screenshots@mozilla.org	WARN	Loading extension 'screenshots@mozilla.org': Reading manifest: Invalid extension permission: resource://pdf.js/
1589679172629	addons.webextension.screenshots@mozilla.org	WARN	Loading extension 'screenshots@mozilla.org': Reading manifest: Invalid extension permission: about:reader*
1589679174084	Marionette	INFO	Listening on port 62599
1589679174093	Marionette	WARN	TLS certificate errors will be ignored for this session
1589679188951	mozrunner::runner	INFO	Running command: "/Applications/Firefox.app/Contents/MacOS/firefox-bin" "-marionette" "-foreground" "-no-remote" "-profile" "/var/folders/35/hyy7zy6x4rv3qz1zxbnf2sqh0000gn/T/rust_mozprofile6gKD4i"
1589679189352	addons.webextension.doh-rollout@mozilla.org	WARN	Loading extension 'doh-rollout@mozilla.org': Reading manifest: Invalid extension permission: networkStatus
1589679189613	addons.webextension.screenshots@mozilla.org	WARN	Loading extension 'screenshots@mozilla.org': Reading manifest: Invalid extension permission: mozillaAddons
1589679189613	addons.webextension.screenshots@mozilla.org	WARN	Loading extension 'screenshots@mozilla.org': Reading manifest: Invalid extension permission: telemetry
1589679189613	addons.webextension.screenshots@mozilla.org	WARN	Loading extension 'screenshots@mozilla.org': Reading manifest: Invalid extension permission: resource://pdf.js/
1589679189613	addons.webextension.screenshots@mozilla.org	WARN	Loading extension 'screenshots@mozilla.org': Reading manifest: Invalid extension permission: about:reader*
1589679191022	Marionette	INFO	Listening on port 62781
1589679191108	Marionette	WARN	TLS certificate errors will be ignored for this session
Exiting due to channel error.
[GFX1-]: Receive IPC close with reason=AbnormalShutdown
Exiting due to channel error.
[GFX1-]: Receive IPC close with reason=AbnormalShutdown
Exiting due to channel error.
1589679275656	mozrunner::runner	INFO	Running command: "/Applications/Firefox.app/Contents/MacOS/firefox-bin" "-marionette" "-foreground" "-no-remote" "-profile" "/var/folders/35/hyy7zy6x4rv3qz1zxbnf2sqh0000gn/T/rust_mozprofileG8lSO3"
1589679276006	addons.webextension.doh-rollout@mozilla.org	WARN	Loading extension 'doh-rollout@mozilla.org': Reading manifest: Invalid extension permission: networkStatus
1589679276216	addons.webextension.screenshots@mozilla.org	WARN	Loading extension 'screenshots@mozilla.org': Reading manifest: Invalid extension permission: mozillaAddons
1589679276216	addons.webextension.screenshots@mozilla.org	WARN	Loading extension 'screenshots@mozilla.org': Reading manifest: Invalid extension permission: telemetry
1589679276217	addons.webextension.screenshots@mozilla.org	WARN	Loading extension 'screenshots@mozilla.org': Reading manifest: Invalid extension permission: resource://pdf.js/
1589679276217	addons.webextension.screenshots@mozilla.org	WARN	Loading extension 'screenshots@mozilla.org': Reading manifest: Invalid extension permission: about:reader*
1589679277866	Marionette	INFO	Listening on port 63261
1589679277926	Marionette	WARN	TLS certificate errors will be ignored for this session
1589679309938	mozrunner::runner	INFO	Running command: "/Applications/Firefox.app/Contents/MacOS/firefox-bin" "-marionette" "-foreground" "-no-remote" "-profile" "/var/folders/35/hyy7zy6x4rv3qz1zxbnf2sqh0000gn/T/rust_mozprofilepYQLvV"
1589679310310	addons.webextension.doh-rollout@mozilla.org	WARN	Loading extension 'doh-rollout@mozilla.org': Reading manifest: Invalid extension permission: networkStatus
1589679310511	addons.webextension.screenshots@mozilla.org	WARN	Loading extension 'screenshots@mozilla.org': Reading manifest: Invalid extension permission: mozillaAddons
1589679310511	addons.webextension.screenshots@mozilla.org	WARN	Loading extension 'screenshots@mozilla.org': Reading manifest: Invalid extension permission: telemetry
1589679310511	addons.webextension.screenshots@mozilla.org	WARN	Loading extension 'screenshots@mozilla.org': Reading manifest: Invalid extension permission: resource://pdf.js/
1589679310511	addons.webextension.screenshots@mozilla.org	WARN	Loading extension 'screenshots@mozilla.org': Reading manifest: Invalid extension permission: about:reader*
1589679311999	Marionette	INFO	Listening on port 63523
1589679312046	Marionette	WARN	TLS certificate errors will be ignored for this session
1589679361815	mozrunner::runner	INFO	Running command: "/Applications/Firefox.app/Contents/MacOS/firefox-bin" "-marionette" "-foreground" "-no-remote" "-profile" "/var/folders/35/hyy7zy6x4rv3qz1zxbnf2sqh0000gn/T/rust_mozprofileEvQ9Pw"
1589679362183	addons.webextension.doh-rollout@mozilla.org	WARN	Loading extension 'doh-rollout@mozilla.org': Reading manifest: Invalid extension permission: networkStatus
1589679362394	addons.webextension.screenshots@mozilla.org	WARN	Loading extension 'screenshots@mozilla.org': Reading manifest: Invalid extension permission: mozillaAddons
1589679362394	addons.webextension.screenshots@mozilla.org	WARN	Loading extension 'screenshots@mozilla.org': Reading manifest: Invalid extension permission: telemetry
1589679362394	addons.webextension.screenshots@mozilla.org	WARN	Loading extension 'screenshots@mozilla.org': Reading manifest: Invalid extension permission: resource://pdf.js/
1589679362394	addons.webextension.screenshots@mozilla.org	WARN	Loading extension 'screenshots@mozilla.org': Reading manifest: Invalid extension permission: about:reader*
1589679363785	Marionette	INFO	Listening on port 63859
1589679363868	Marionette	WARN	TLS certificate errors will be ignored for this session
1589679401549	mozrunner::runner	INFO	Running command: "/Applications/Firefox.app/Contents/MacOS/firefox-bin" "-marionette" "-foreground" "-no-remote" "-profile" "/var/folders/35/hyy7zy6x4rv3qz1zxbnf2sqh0000gn/T/rust_mozprofilegLiGTH"
1589679401984	addons.webextension.doh-rollout@mozilla.org	WARN	Loading extension 'doh-rollout@mozilla.org': Reading manifest: Invalid extension permission: networkStatus
1589679402197	addons.webextension.screenshots@mozilla.org	WARN	Loading extension 'screenshots@mozilla.org': Reading manifest: Invalid extension permission: mozillaAddons
1589679402197	addons.webextension.screenshots@mozilla.org	WARN	Loading extension 'screenshots@mozilla.org': Reading manifest: Invalid extension permission: telemetry
1589679402197	addons.webextension.screenshots@mozilla.org	WARN	Loading extension 'screenshots@mozilla.org': Reading manifest: Invalid extension permission: resource://pdf.js/
1589679402197	addons.webextension.screenshots@mozilla.org	WARN	Loading extension 'screenshots@mozilla.org': Reading manifest: Invalid extension permission: about:reader*
1589679403622	Marionette	INFO	Listening on port 64150
1589679403699	Marionette	WARN	TLS certificate errors will be ignored for this session
Exiting due to channel error.
[GFX1-]: Receive IPC close with reason=AbnormalShutdown
[GFX1-]: Receive IPC close with reason=AbnormalShutdown
Exiting due to channel error.
Exiting due to channel error.
1589679424104	Marionette	INFO	Stopped listening on port 56831
1589679428175	Marionette	INFO	Stopped listening on port 57017
1589679543649	mozrunner::runner	INFO	Running command: "/Applications/Firefox.app/Contents/MacOS/firefox-bin" "-marionette" "-foreground" "-no-remote" "-profile" "/var/folders/35/hyy7zy6x4rv3qz1zxbnf2sqh0000gn/T/rust_mozprofilekxGjoX"
1589679543961	addons.webextension.doh-rollout@mozilla.org	WARN	Loading extension 'doh-rollout@mozilla.org': Reading manifest: Invalid extension permission: networkStatus
1589679544174	addons.webextension.screenshots@mozilla.org	WARN	Loading extension 'screenshots@mozilla.org': Reading manifest: Invalid extension permission: mozillaAddons
1589679544174	addons.webextension.screenshots@mozilla.org	WARN	Loading extension 'screenshots@mozilla.org': Reading manifest: Invalid extension permission: telemetry
1589679544174	addons.webextension.screenshots@mozilla.org	WARN	Loading extension 'screenshots@mozilla.org': Reading manifest: Invalid extension permission: resource://pdf.js/
1589679544174	addons.webextension.screenshots@mozilla.org	WARN	Loading extension 'screenshots@mozilla.org': Reading manifest: Invalid extension permission: about:reader*
1589679545521	Marionette	INFO	Listening on port 64913
1589679545584	Marionette	WARN	TLS certificate errors will be ignored for this session
1589679579151	mozrunner::runner	INFO	Running command: "/Applications/Firefox.app/Contents/MacOS/firefox-bin" "-marionette" "-foreground" "-no-remote" "-profile" "/var/folders/35/hyy7zy6x4rv3qz1zxbnf2sqh0000gn/T/rust_mozprofileOoXOfJ"
1589679579461	addons.webextension.doh-rollout@mozilla.org	WARN	Loading extension 'doh-rollout@mozilla.org': Reading manifest: Invalid extension permission: networkStatus
1589679579667	addons.webextension.screenshots@mozilla.org	WARN	Loading extension 'screenshots@mozilla.org': Reading manifest: Invalid extension permission: mozillaAddons
1589679579667	addons.webextension.screenshots@mozilla.org	WARN	Loading extension 'screenshots@mozilla.org': Reading manifest: Invalid extension permission: telemetry
1589679579667	addons.webextension.screenshots@mozilla.org	WARN	Loading extension 'screenshots@mozilla.org': Reading manifest: Invalid extension permission: resource://pdf.js/
1589679579668	addons.webextension.screenshots@mozilla.org	WARN	Loading extension 'screenshots@mozilla.org': Reading manifest: Invalid extension permission: about:reader*
1589679581149	Marionette	INFO	Listening on port 65192
1589679581214	Marionette	WARN	TLS certificate errors will be ignored for this session
IPDL protocol error: Handler returned error code!

###!!! [Parent][DispatchAsyncMessage] Error: PLayerTransaction::Msg_ReleaseLayer Processing error: message was deserialized, but the handler returned false (indicating failure)

IPDL protocol error: Handler returned error code!

###!!! [Parent][DispatchAsyncMessage] Error: PLayerTransaction::Msg_ReleaseLayer Processing error: message was deserialized, but the handler returned false (indicating failure)

IPDL protocol error: Handler returned error code!

###!!! [Parent][DispatchAsyncMessage] Error: PLayerTransaction::Msg_ReleaseLayer Processing error: message was deserialized, but the handler returned false (indicating failure)

IPDL protocol error: Handler returned error code!

###!!! [Parent][DispatchAsyncMessage] Error: PLayerTransaction::Msg_ReleaseLayer Processing error: message was deserialized, but the handler returned false (indicating failure)

IPDL protocol error: Handler returned error code!

###!!! [Parent][DispatchAsyncMessage] Error: PLayerTransaction::Msg_ReleaseLayer Processing error: message was deserialized, but the handler returned false (indicating failure)

IPDL protocol error: Handler returned error code!

###!!! [Parent][DispatchAsyncMessage] Error: PLayerTransaction::Msg_ReleaseLayer Processing error: message was deserialized, but the handler returned false (indicating failure)

IPDL protocol error: Handler returned error code!

###!!! [Parent][DispatchAsyncMessage] Error: PLayerTransaction::Msg_ReleaseLayer Processing error: message was deserialized, but the handler returned false (indicating failure)

IPDL protocol error: Handler returned error code!

###!!! [Parent][DispatchAsyncMessage] Error: PLayerTransaction::Msg_ReleaseLayer Processing error: message was deserialized, but the handler returned false (indicating failure)

IPDL protocol error: Handler returned error code!

###!!! [Parent][DispatchAsyncMessage] Error: PLayerTransaction::Msg_ReleaseLayer Processing error: message was deserialized, but the handler returned false (indicating failure)

IPDL protocol error: Handler returned error code!

###!!! [Parent][DispatchAsyncMessage] Error: PLayerTransaction::Msg_ReleaseLayer Processing error: message was deserialized, but the handler returned false (indicating failure)

IPDL protocol error: Handler returned error code!

###!!! [Parent][DispatchAsyncMessage] Error: PLayerTransaction::Msg_ReleaseLayer Processing error: message was deserialized, but the handler returned false (indicating failure)

IPDL protocol error: Handler returned error code!

###!!! [Parent][DispatchAsyncMessage] Error: PLayerTransaction::Msg_ReleaseLayer Processing error: message was deserialized, but the handler returned false (indicating failure)

Exiting due to channel error.
[GFX1-]: Receive IPC close with reason=AbnormalShutdown
Exiting due to channel error.
1589679640439	mozrunner::runner	INFO	Running command: "/Applications/Firefox.app/Contents/MacOS/firefox-bin" "-marionette" "-foreground" "-no-remote" "-profile" "/var/folders/35/hyy7zy6x4rv3qz1zxbnf2sqh0000gn/T/rust_mozprofileruxPM5"
1589679640793	addons.webextension.doh-rollout@mozilla.org	WARN	Loading extension 'doh-rollout@mozilla.org': Reading manifest: Invalid extension permission: networkStatus
1589679641006	addons.webextension.screenshots@mozilla.org	WARN	Loading extension 'screenshots@mozilla.org': Reading manifest: Invalid extension permission: mozillaAddons
1589679641006	addons.webextension.screenshots@mozilla.org	WARN	Loading extension 'screenshots@mozilla.org': Reading manifest: Invalid extension permission: telemetry
1589679641006	addons.webextension.screenshots@mozilla.org	WARN	Loading extension 'screenshots@mozilla.org': Reading manifest: Invalid extension permission: resource://pdf.js/
1589679641006	addons.webextension.screenshots@mozilla.org	WARN	Loading extension 'screenshots@mozilla.org': Reading manifest: Invalid extension permission: about:reader*
1589679642428	Marionette	INFO	Listening on port 49199
1589679642500	Marionette	WARN	TLS certificate errors will be ignored for this session
JavaScript warning: https://www-league.nhlstatic.com/nhl.com/builds/site-core/d7b71b1f9618bc99b318310b894f5e60a533547c_1588189185/scripts/site-core.js.gz, line 20: Using //@ to indicate sourceMappingURL pragmas is deprecated. Use //# instead
JavaScript warning: https://www-league.nhlstatic.com/nhl.com/builds/site-core/d7b71b1f9618bc99b318310b894f5e60a533547c_1588189185/scripts/site-core.js.gz, line 20: Using //@ to indicate sourceMappingURL pragmas is deprecated. Use //# instead
JavaScript warning: https://www-league.nhlstatic.com/nhl.com/builds/site-core/d7b71b1f9618bc99b318310b894f5e60a533547c_1588189185/scripts/site-core.js.gz, line 20: Using //@ to indicate sourceMappingURL pragmas is deprecated. Use //# instead
JavaScript warning: https://www-league.nhlstatic.com/nhl.com/builds/site-core/d7b71b1f9618bc99b318310b894f5e60a533547c_1588189185/scripts/site-core.js.gz, line 20: Using //@ to indicate sourceMappingURL pragmas is deprecated. Use //# instead
JavaScript error: https://static.adsafeprotected.com/main.gr.19.8.78.js, line 99: NS_ERROR_FAILURE: 
JavaScript error: https://static.adsafeprotected.com/main.gr.19.8.78.js, line 99: NS_ERROR_FAILURE: 
JavaScript error: https://static.adsafeprotected.com/main.gr.19.8.78.js, line 99: NS_ERROR_FAILURE: 
JavaScript error: https://static.adsafeprotected.com/main.gr.19.8.78.js, line 99: NS_ERROR_FAILURE: 
JavaScript error: https://datam05.adlooxtracking.com/ads/ic.php?adloox_io=1&campagne=160&banniere=0&plat=7&adloox_transaction_id=null&bp=&visite_id=23467881757&client=sap&ctitle=&id_editeur=4531883_ADLOOX_ID_23696917_ADLOOX_ID_269338514_ADLOOX_ID_1891401_ADLOOX_ID_130139768_ADLOOX_ID_0_ADLOOX_ID__ADLOOX_ID__ADLOOX_ID__ADLOOX_ID__ADLOOX_ID__ADLOOX_ID__ADLOOX_ID__ADLOOX_ID__ADLOOX_ID__ADLOOX_ID__ADLOOX_ID__ADLOOX_ID__ADLOOX_ID__ADLOOX_ID_&os=&navigateur=&appname=Netscape&timezone=240&fai=google_ads_iframe_%2F21668666170%2Fnhl_web_en%2Fplayers_1%40https%3A%2F%2Fwww.nhl.com%2Fplayer%2Fkris-beech-8467880&alerte=&alerte_desc=&data=1769902042ttttttttttffffttttftfffffttfttttf&js=https%3A%2F%2Fam.adlooxtracking.com%2Fads%2Fjs%2Ftfav_adl_160.js%23platform%3D7%26scriptname%3Dadl_160%26tagid%3D1054%26typejs%3Dtvaf%26fwtype%3D1%26creatype%3D2%26targetelt%3D%26custom2area%3D80%26custom2sec%3D3%26id1%3D4531883%26id2%3D23696917%26id3%3D269338514%26id4%3D1891401%26id5%3D130139768%26id6%3D0&commitid=-dirty&fw=1&version=1&iframe=3&hadnxs=&ua=Mozilla%2F5.0%20%28Macintosh%3B%20Intel%20Mac%20OS%20X%2010.15%3B%20rv%3A76.0%29%20Gecko%2F20100101%20Firefox%2F76.0&url_referrer=https%3A%2F%2Fwww.nhl.com%2Fplayer%2Fkris-beech-8467880&resolution=1920x1080&nb_cpu=4&nav_lang=en-US&date_regen=2019-03-20%2011%3A04%3A30&debug=7%3A%20top%20%21%3D%20window%20%26%20friendly%20-%3E%20location.href%20&ao=&fake=001000&popup_history=9&popup_visible=false&type_crea=2&tagid=1054&popup_menubar=true&popup_locationbar=true&popup_personalbar=true&popup_scrollbars=false&popup_statusbar=true&popup_toolbar=true&id1=4531883&id2=23696917&id3=269338514&id4=1891401&id5=130139768&id6=0, line 7: TypeError: nodeElement is null
JavaScript error: https://static.adsafeprotected.com/main.gr.19.8.78.js, line 99: NS_ERROR_FAILURE: 
JavaScript error: https://static.adsafeprotected.com/main.gr.19.8.78.js, line 99: NS_ERROR_FAILURE: 
JavaScript error: https://static.adsafeprotected.com/main.gr.19.8.78.js, line 99: NS_ERROR_FAILURE: 
JavaScript error: https://static.adsafeprotected.com/main.gr.19.8.78.js, line 99: NS_ERROR_FAILURE: 
JavaScript error: https://static.adsafeprotected.com/main.gr.19.8.78.js, line 99: NS_ERROR_FAILURE: 
JavaScript error: https://platform.twitter.com/widgets/widget_iframe.2a008290075125adde2d7b849b06a0bb.html?origin=https%3A%2F%2Fwww.nhl.com, line 12: Error: Network error.
JavaScript error: https://static.adsafeprotected.com/main.gr.19.8.78.js, line 99: NS_ERROR_FAILURE: 
JavaScript error: https://static.adsafeprotected.com/main.gr.19.8.78.js, line 99: NS_ERROR_FAILURE: 
JavaScript error: https://static.adsafeprotected.com/main.gr.19.8.78.js, line 99: NS_ERROR_FAILURE: 
JavaScript error: https://static.adsafeprotected.com/main.gr.19.8.78.js, line 99: NS_ERROR_FAILURE: 
JavaScript error: https://static.adsafeprotected.com/main.gr.19.8.78.js, line 99: NS_ERROR_FAILURE: 
JavaScript error: https://static.adsafeprotected.com/main.gr.19.8.78.js, line 99: NS_ERROR_FAILURE: 
JavaScript error: https://static.adsafeprotected.com/main.gr.19.8.78.js, line 99: NS_ERROR_FAILURE: 
JavaScript error: https://static.adsafeprotected.com/main.gr.19.8.78.js, line 99: NS_ERROR_FAILURE: 
JavaScript error: https://static.adsafeprotected.com/main.gr.19.8.78.js, line 99: NS_ERROR_FAILURE: 
JavaScript error: https://static.adsafeprotected.com/main.gr.19.8.78.js, line 99: NS_ERROR_FAILURE: 
JavaScript error: https://static.adsafeprotected.com/main.gr.19.8.78.js, line 99: NS_ERROR_FAILURE: 
JavaScript error: https://static.adsafeprotected.com/main.gr.19.8.78.js, line 99: NS_ERROR_FAILURE: 
JavaScript error: https://datam12.adlooxtracking.com/ads/ic.php?adloox_io=1&campagne=160&banniere=0&plat=7&adloox_transaction_id=null&bp=&visite_id=73983660621&client=sap&ctitle=&id_editeur=4531883_ADLOOX_ID_23696917_ADLOOX_ID_269338514_ADLOOX_ID_1891401_ADLOOX_ID_130139768_ADLOOX_ID_0_ADLOOX_ID__ADLOOX_ID__ADLOOX_ID__ADLOOX_ID__ADLOOX_ID__ADLOOX_ID__ADLOOX_ID__ADLOOX_ID__ADLOOX_ID__ADLOOX_ID__ADLOOX_ID__ADLOOX_ID__ADLOOX_ID__ADLOOX_ID_&os=&navigateur=&appname=Netscape&timezone=240&fai=google_ads_iframe_%2F21668666170%2Fnhl_web_en%2Fplayers_1%40https%3A%2F%2Fwww.nhl.com%2Fplayer%2Fkris-beech-8467880&alerte=&alerte_desc=&data=1769902042ttttttttttffffttttftfffffttfttttf&js=https%3A%2F%2Fam.adlooxtracking.com%2Fads%2Fjs%2Ftfav_adl_160.js%23platform%3D7%26scriptname%3Dadl_160%26tagid%3D1054%26typejs%3Dtvaf%26fwtype%3D1%26creatype%3D2%26targetelt%3D%26custom2area%3D80%26custom2sec%3D3%26id1%3D4531883%26id2%3D23696917%26id3%3D269338514%26id4%3D1891401%26id5%3D130139768%26id6%3D0&commitid=-dirty&fw=1&version=1&iframe=3&hadnxs=&ua=Mozilla%2F5.0%20%28Macintosh%3B%20Intel%20Mac%20OS%20X%2010.15%3B%20rv%3A76.0%29%20Gecko%2F20100101%20Firefox%2F76.0&url_referrer=https%3A%2F%2Fwww.nhl.com%2Fplayer%2Fkris-beech-8467880&resolution=1920x1080&nb_cpu=4&nav_lang=en-US&date_regen=2019-03-20%2011%3A04%3A30&debug=7%3A%20top%20%21%3D%20window%20%26%20friendly%20-%3E%20location.href%20&ao=&fake=001000&popup_history=9&popup_visible=false&type_crea=2&tagid=1054&popup_menubar=true&popup_locationbar=true&popup_personalbar=true&popup_scrollbars=false&popup_statusbar=true&popup_toolbar=true&id1=4531883&id2=23696917&id3=269338514&id4=1891401&id5=130139768&id6=0, line 7: TypeError: nodeElement is null
1589682947822	mozrunner::runner	INFO	Running command: "/Applications/Firefox.app/Contents/MacOS/firefox-bin" "-marionette" "-foreground" "-no-remote" "-profile" "/var/folders/35/hyy7zy6x4rv3qz1zxbnf2sqh0000gn/T/rust_mozprofileShmdNt"
1589682948278	addons.webextension.doh-rollout@mozilla.org	WARN	Loading extension 'doh-rollout@mozilla.org': Reading manifest: Invalid extension permission: networkStatus
1589682948530	addons.webextension.screenshots@mozilla.org	WARN	Loading extension 'screenshots@mozilla.org': Reading manifest: Invalid extension permission: mozillaAddons
1589682948530	addons.webextension.screenshots@mozilla.org	WARN	Loading extension 'screenshots@mozilla.org': Reading manifest: Invalid extension permission: telemetry
1589682948530	addons.webextension.screenshots@mozilla.org	WARN	Loading extension 'screenshots@mozilla.org': Reading manifest: Invalid extension permission: resource://pdf.js/
1589682948531	addons.webextension.screenshots@mozilla.org	WARN	Loading extension 'screenshots@mozilla.org': Reading manifest: Invalid extension permission: about:reader*
1589682950219	Marionette	INFO	Listening on port 52569
1589682950324	Marionette	WARN	TLS certificate errors will be ignored for this session
JavaScript warning: https://www-league.nhlstatic.com/nhl.com/builds/site-core/d7b71b1f9618bc99b318310b894f5e60a533547c_1588189185/scripts/site-core.js.gz, line 20: Using //@ to indicate sourceMappingURL pragmas is deprecated. Use //# instead
JavaScript warning: https://www-league.nhlstatic.com/nhl.com/builds/site-core/d7b71b1f9618bc99b318310b894f5e60a533547c_1588189185/scripts/site-core.js.gz, line 20: Using //@ to indicate sourceMappingURL pragmas is deprecated. Use //# instead
1589683138768	mozrunner::runner	INFO	Running command: "/Applications/Firefox.app/Contents/MacOS/firefox-bin" "-marionette" "-foreground" "-no-remote" "-profile" "/var/folders/35/hyy7zy6x4rv3qz1zxbnf2sqh0000gn/T/rust_mozprofile8yYKR8"
1589683139175	addons.webextension.doh-rollout@mozilla.org	WARN	Loading extension 'doh-rollout@mozilla.org': Reading manifest: Invalid extension permission: networkStatus
1589683139437	addons.webextension.screenshots@mozilla.org	WARN	Loading extension 'screenshots@mozilla.org': Reading manifest: Invalid extension permission: mozillaAddons
1589683139437	addons.webextension.screenshots@mozilla.org	WARN	Loading extension 'screenshots@mozilla.org': Reading manifest: Invalid extension permission: telemetry
1589683139437	addons.webextension.screenshots@mozilla.org	WARN	Loading extension 'screenshots@mozilla.org': Reading manifest: Invalid extension permission: resource://pdf.js/
1589683139438	addons.webextension.screenshots@mozilla.org	WARN	Loading extension 'screenshots@mozilla.org': Reading manifest: Invalid extension permission: about:reader*
1589683141092	Marionette	INFO	Listening on port 53606
1589683141170	Marionette	WARN	TLS certificate errors will be ignored for this session
JavaScript warning: https://www-league.nhlstatic.com/nhl.com/builds/site-core/d7b71b1f9618bc99b318310b894f5e60a533547c_1588189185/scripts/site-core.js.gz, line 20: Using //@ to indicate sourceMappingURL pragmas is deprecated. Use //# instead
IPDL protocol error: Handler returned error code!

###!!! [Parent][DispatchAsyncMessage] Error: PMessagePort::Msg_PostMessages Processing error: message was deserialized, but the handler returned false (indicating failure)

1589683165433	mozrunner::runner	INFO	Running command: "/Applications/Firefox.app/Contents/MacOS/firefox-bin" "-marionette" "-foreground" "-no-remote" "-profile" "/var/folders/35/hyy7zy6x4rv3qz1zxbnf2sqh0000gn/T/rust_mozprofilesMkLbX"
1589683165831	addons.webextension.doh-rollout@mozilla.org	WARN	Loading extension 'doh-rollout@mozilla.org': Reading manifest: Invalid extension permission: networkStatus
1589683166045	addons.webextension.screenshots@mozilla.org	WARN	Loading extension 'screenshots@mozilla.org': Reading manifest: Invalid extension permission: mozillaAddons
1589683166045	addons.webextension.screenshots@mozilla.org	WARN	Loading extension 'screenshots@mozilla.org': Reading manifest: Invalid extension permission: telemetry
1589683166045	addons.webextension.screenshots@mozilla.org	WARN	Loading extension 'screenshots@mozilla.org': Reading manifest: Invalid extension permission: resource://pdf.js/
1589683166045	addons.webextension.screenshots@mozilla.org	WARN	Loading extension 'screenshots@mozilla.org': Reading manifest: Invalid extension permission: about:reader*
1589683167548	Marionette	INFO	Listening on port 53931
1589683167629	Marionette	WARN	TLS certificate errors will be ignored for this session
JavaScript warning: https://www-league.nhlstatic.com/nhl.com/builds/site-core/d7b71b1f9618bc99b318310b894f5e60a533547c_1588189185/scripts/site-core.js.gz, line 20: Using //@ to indicate sourceMappingURL pragmas is deprecated. Use //# instead
JavaScript warning: https://www-league.nhlstatic.com/nhl.com/builds/site-core/d7b71b1f9618bc99b318310b894f5e60a533547c_1588189185/scripts/site-core.js.gz, line 20: Using //@ to indicate sourceMappingURL pragmas is deprecated. Use //# instead
JavaScript warning: https://www-league.nhlstatic.com/nhl.com/builds/site-core/d7b71b1f9618bc99b318310b894f5e60a533547c_1588189185/scripts/site-core.js.gz, line 20: Using //@ to indicate sourceMappingURL pragmas is deprecated. Use //# instead
JavaScript warning: https://www-league.nhlstatic.com/nhl.com/builds/site-core/d7b71b1f9618bc99b318310b894f5e60a533547c_1588189185/scripts/site-core.js.gz, line 20: Using //@ to indicate sourceMappingURL pragmas is deprecated. Use //# instead
JavaScript warning: https://www-league.nhlstatic.com/nhl.com/builds/site-core/d7b71b1f9618bc99b318310b894f5e60a533547c_1588189185/scripts/site-core.js, line 20: Using //@ to indicate sourceMappingURL pragmas is deprecated. Use //# instead
JavaScript error: https://www.nhl.com/player/nicolas-beaudin-8480814, line 151: uncaught exception: 7
JavaScript warning: https://www-league.nhlstatic.com/nhl.com/builds/site-core/d7b71b1f9618bc99b318310b894f5e60a533547c_1588189185/scripts/site-core.js, line 20: Using //@ to indicate sourceMappingURL pragmas is deprecated. Use //# instead
JavaScript warning: https://www-league.nhlstatic.com/nhl.com/builds/site-core/d7b71b1f9618bc99b318310b894f5e60a533547c_1588189185/scripts/site-core.js, line 20: Using //@ to indicate sourceMappingURL pragmas is deprecated. Use //# instead
JavaScript error: resource:///modules/FaviconLoader.jsm, line 568: InvalidStateError: An attempt was made to use an object that is not, or is no longer, usable
JavaScript error: resource:///modules/FaviconLoader.jsm, line 568: InvalidStateError: An attempt was made to use an object that is not, or is no longer, usable
JavaScript error: resource:///modules/FaviconLoader.jsm, line 568: InvalidStateError: An attempt was made to use an object that is not, or is no longer, usable
JavaScript error: resource:///modules/FaviconLoader.jsm, line 568: InvalidStateError: An attempt was made to use an object that is not, or is no longer, usable
JavaScript error: resource:///modules/FaviconLoader.jsm, line 568: InvalidStateError: An attempt was made to use an object that is not, or is no longer, usable
JavaScript error: resource:///modules/FaviconLoader.jsm, line 568: InvalidStateError: An attempt was made to use an object that is not, or is no longer, usable
JavaScript warning: https://cdn.parsely.com/keys/nhl.com/p.js, line 7: Script terminated by timeout at:
y.fn.extend@https://cdn.parsely.com/keys/nhl.com/p.js:7:8253
@https://cdn.parsely.com/keys/nhl.com/p.js:7:8486
@https://cdn.parsely.com/keys/nhl.com/p.js:7:5469
@https://cdn.parsely.com/keys/nhl.com/p.js:7:5477

JavaScript warning: https://www.googletagmanager.com/gtag/js?id=UA-80428426-8, line 40: Script terminated by timeout at:
xa@https://www.googletagmanager.com/gtag/js?id=UA-80428426-8:40:233
b@https://www.googletagmanager.com/gtag/js?id=UA-80428426-8:130:36
Fh@https://www.googletagmanager.com/gtag/js?id=UA-80428426-8:130:89
zi@https://www.googletagmanager.com/gtag/js?id=UA-80428426-8:177:71
Hi@https://www.googletagmanager.com/gtag/js?id=UA-80428426-8:169:162
Ii/<@https://www.googletagmanager.com/gtag/js?id=UA-80428426-8:173:67
Jc@https://www.googletagmanager.com/gtag/js?id=UA-80428426-8:66:389
Rc@https://www.googletagmanager.com/gtag/js?id=UA-80428426-8:67:58
Ii@https://www.googletagmanager.com/gtag/js?id=UA-80428426-8:173:53
dj@https://www.googletagmanager.com/gtag/js?id=UA-80428426-8:185:242
Ui.prototype.flush@https://www.googletagmanager.com/gtag/js?id=UA-80428426-8:189:451
Ui.prototype.push@https://www.googletagmanager.com/gtag/js?id=UA-80428426-8:188:139
Xi@https://www.googletagmanager.com/gtag/js?id=UA-80428426-8:183:119
@https://www.googletagmanager.com/gtag/js?id=UA-80428426-8:247:238
Ab@https://www.googletagmanager.com/gtag/js?id=UA-80428426-8:47:396
e@https://www.googletagmanager.com/gtag/js?id=UA-80428426-8:125:140
qh@https://www.googletagmanager.com/gtag/js?id=UA-80428426-8:126:518
sh@https://www.googletagmanager.com/gtag/js?id=UA-80428426-8:128:229
Wj@https://www.googletagmanager.com/gtag/js?id=UA-80428426-8:198:112
Vj@https://www.googletagmanager.com/gtag/js?id=UA-80428426-8:197:250
Xj@https://www.googletagmanager.com/gtag/js?id=UA-80428426-8:200:357
ak/a.push@https://www.googletagmanager.com/gtag/js?id=UA-80428426-8:203:95
gtag@https://records.nhl.com/draft/draft-picks?league=all&team=all&year=2018:10:39
n/a.sendGoogleAnalyticsPageView@https://records.nhl.com/static/js/client.bundle.js:76:26971
value@https://records.nhl.com/static/js/client.bundle.js:76:27462
io@https://records.nhl.com/static/js/client.bundle.js:22:83517
bl/<@https://records.nhl.com/static/js/client.bundle.js:22:101550
n.unstable_runWithPriority@https://records.nhl.com/static/js/client.bundle.js:30:3842
Uc@https://records.nhl.com/static/js/client.bundle.js:22:45064
bl@https://records.nhl.com/static/js/client.bundle.js:22:98044
ll@https://records.nhl.com/static/js/client.bundle.js:22:94227
Yc/<@https://records.nhl.com/static/js/client.bundle.js:22:45354
n.unstable_runWithPriority@https://records.nhl.com/static/js/client.bundle.js:30:3842
Uc@https://records.nhl.com/static/js/client.bundle.js:22:45064
Yc@https://records.nhl.com/static/js/client.bundle.js:22:45302
Wc@https://records.nhl.com/static/js/client.bundle.js:22:45235
cl@https://records.nhl.com/static/js/client.bundle.js:22:90795
enqueueSetState@https://records.nhl.com/static/js/client.bundle.js:22:49057
y.prototype.setState@https://records.nhl.com/static/js/client.bundle.js:14:1297
w/</o</l.onStateChange@https://records.nhl.com/static/js/client.bundle.js:1:1398832
h@https://records.nhl.com/static/js/client.bundle.js:1:6403
a/</</<@https://records.nhl.com/static/js/client.bundle.js:1:1455870
dispatch@https://records.nhl.com/static/js/client.bundle.js:1:9583
e/<@https://records.nhl.com/static/js/client.bundle.js:76:19276
b@https://records.nhl.com/static/js/client.bundle.js:6:195238
y/r._invoke</<@https://records.nhl.com/static/js/client.bundle.js:6:195027
x/</e[n]@https://records.nhl.com/static/js/client.bundle.js:6:195417
a@https://records.nhl.com/static/js/client.bundle.js:76:18949
a/<@https://records.nhl.com/static/js/client.bundle.js:76:19044

JavaScript warning: https://www-league.nhlstatic.com/nhl.com/builds/site-core/d7b71b1f9618bc99b318310b894f5e60a533547c_1588189185/scripts/site-core.js, line 20: Using //@ to indicate sourceMappingURL pragmas is deprecated. Use //# instead
JavaScript error: resource:///modules/FaviconLoader.jsm, line 568: InvalidStateError: An attempt was made to use an object that is not, or is no longer, usable
JavaScript error: resource:///modules/FaviconLoader.jsm, line 568: InvalidStateError: An attempt was made to use an object that is not, or is no longer, usable
JavaScript error: resource://gre/actors/WebNavigationChild.jsm, line 52: NS_ERROR_FAILURE: Component returned failure code: 0x80004005 (NS_ERROR_FAILURE) [nsIWebNavigation.goBack]
JavaScript error: resource://gre/actors/WebNavigationChild.jsm, line 52: NS_ERROR_FAILURE: Component returned failure code: 0x80004005 (NS_ERROR_FAILURE) [nsIWebNavigation.goBack]
JavaScript error: resource://gre/actors/WebNavigationChild.jsm, line 52: NS_ERROR_FAILURE: Component returned failure code: 0x80004005 (NS_ERROR_FAILURE) [nsIWebNavigation.goBack]
Exiting due to channel error.
Exiting due to channel error.
[GFX1-]: Receive IPC close with reason=AbnormalShutdown
Exiting due to channel error.
Exiting due to channel error.
Exiting due to channel error.
1589689914341	mozrunner::runner	INFO	Running command: "/Applications/Firefox.app/Contents/MacOS/firefox-bin" "-marionette" "-foreground" "-no-remote" "-profile" "/var/folders/35/hyy7zy6x4rv3qz1zxbnf2sqh0000gn/T/rust_mozprofilegeooN4"
1589689914767	addons.webextension.doh-rollout@mozilla.org	WARN	Loading extension 'doh-rollout@mozilla.org': Reading manifest: Invalid extension permission: networkStatus
1589689914982	addons.webextension.screenshots@mozilla.org	WARN	Loading extension 'screenshots@mozilla.org': Reading manifest: Invalid extension permission: mozillaAddons
1589689914982	addons.webextension.screenshots@mozilla.org	WARN	Loading extension 'screenshots@mozilla.org': Reading manifest: Invalid extension permission: telemetry
1589689914982	addons.webextension.screenshots@mozilla.org	WARN	Loading extension 'screenshots@mozilla.org': Reading manifest: Invalid extension permission: resource://pdf.js/
1589689914982	addons.webextension.screenshots@mozilla.org	WARN	Loading extension 'screenshots@mozilla.org': Reading manifest: Invalid extension permission: about:reader*
1589689916489	Marionette	INFO	Listening on port 51675
1589689916527	Marionette	WARN	TLS certificate errors will be ignored for this session
JavaScript warning: https://www-league.nhlstatic.com/nhl.com/builds/site-core/d7b71b1f9618bc99b318310b894f5e60a533547c_1588189185/scripts/site-core.js.gz, line 20: Using //@ to indicate sourceMappingURL pragmas is deprecated. Use //# instead
JavaScript warning: https://www-league.nhlstatic.com/nhl.com/builds/site-core/d7b71b1f9618bc99b318310b894f5e60a533547c_1588189185/scripts/site-core.js.gz, line 20: Using //@ to indicate sourceMappingURL pragmas is deprecated. Use //# instead
JavaScript warning: https://www-league.nhlstatic.com/nhl.com/builds/site-core/d7b71b1f9618bc99b318310b894f5e60a533547c_1588189185/scripts/site-core.js.gz, line 20: Using //@ to indicate sourceMappingURL pragmas is deprecated. Use //# instead
Exiting due to channel error.
[GFX1-]: Receive IPC close with reason=AbnormalShutdown
[GFX1-]: Receive IPC close with reason=AbnormalShutdown
Exiting due to channel error.
Exiting due to channel error.
